 0.3539016000000000E+05        3 T
+1        3        0
 0.4928862041647606E+01 -0.4734162547661009E+00 -0.1896651758689481E-02
 0.4170294369421540E-01  0.4493869474248979E+00 -0.9369345735387327E-03
-1        3       -8
 0.4928862030000711E+01 -0.4734162570581047E+00 -0.1896653500640848E-02
 0.4183557248479475E-01  0.4494058751160298E+00 -0.9440523237682346E-03
-1       14       -8
 0.4929056156567497E+01 -0.4733780547026021E+00 -0.1867619235906498E-02
-0.2168776899294914E+01  0.1339254285596091E+00  0.1176922359181572E+00
       3
       3  0.5000300000000000E-03  0.1608290303435624E-03
 0.4928925670488051E+01 -0.4727170708670664E+00 -0.1898110001844826E-02
 0.4163926973368774E-01  0.4493918613795487E+00 -0.9369100603079273E-03
       2  0.5000000000000000E-03  0.1600000000000000E-03
 0.5007331933345333E+00  0.1939044058707136E+01 -0.9397780283986173E-04
-0.6837066329369323E+00  0.1770639871028091E+00 -0.6633920837873326E-03
 0.6427862000000000E+05        3 T
+1        2        0
-0.1978839938376658E+01 -0.3015764388806115E+00 -0.2333380463987675E-02
 0.1082184878122237E+00 -0.6982947809752836E+00  0.8000241701310085E-03
-1        2       -8
-0.1978839930570236E+01 -0.3015764331393391E+00 -0.2333387525530331E-02
 0.1081401237431215E+00 -0.6982957868113460E+00  0.9088071152732803E-03
-1       35       -8
-0.1978970045406469E+01 -0.3016721267546725E+00 -0.2215688086395887E-02
 0.1414286306182507E+01 -0.6815308466027717E+00 -0.1812249061534398E+01
       3
       3  0.5000300000000000E-03  0.1608290303435624E-03
 0.4700415600111929E+01  0.1547822673880526E+01 -0.6463296087798507E-02
-0.1416314472234651E+00  0.4282138153479368E+00 -0.5999904695952224E-03
       2  0.5000300000000000E-03  0.1608290303435624E-03
-0.1977904241803593E+01 -0.3075535172035957E+00 -0.2326520172306074E-02
 0.1103316509799018E+00 -0.6979694935337504E+00  0.8025132657427518E-03
